<?xml version="1.0" encoding="UTF-8"?>
<testng-results skipped="0" failed="0" ignored="0" total="1" passed="1">
  <reporter-output>
  </reporter-output>
  <suite name="Surefire suite" duration-ms="7438" started-at="2021-05-03T00:28:06 IST" finished-at="2021-05-03T00:28:14 IST">
    <groups>
    </groups>
    <test name="Surefire test" duration-ms="7438" started-at="2021-05-03T00:28:06 IST" finished-at="2021-05-03T00:28:14 IST">
      <class name="allTests.DemoTest">
        <test-method status="PASS" signature="setup()[pri:0, instance:allTests.DemoTest@3dd4520b]" name="setup" is-config="true" duration-ms="4408" started-at="2021-05-03T00:28:06 IST" finished-at="2021-05-03T00:28:11 IST">
          <reporter-output>
          </reporter-output>
        </test-method> <!-- setup -->
        <test-method status="PASS" signature="myTest()[pri:0, instance:allTests.DemoTest@3dd4520b]" name="myTest" duration-ms="2221" started-at="2021-05-03T00:28:11 IST" finished-at="2021-05-03T00:28:13 IST">
          <reporter-output>
          </reporter-output>
        </test-method> <!-- myTest -->
        <test-method status="PASS" signature="tearDown()[pri:0, instance:allTests.DemoTest@3dd4520b]" name="tearDown" is-config="true" duration-ms="752" started-at="2021-05-03T00:28:13 IST" finished-at="2021-05-03T00:28:14 IST">
          <reporter-output>
          </reporter-output>
        </test-method> <!-- tearDown -->
      </class> <!-- allTests.DemoTest -->
    </test> <!-- Surefire test -->
  </suite> <!-- Surefire suite -->
</testng-results>
