<?xml version="1.0" encoding="UTF-8"?>
<testng-results skipped="0" failed="0" ignored="0" total="2" passed="2">
  <reporter-output>
  </reporter-output>
  <suite name="Surefire suite" duration-ms="14974" started-at="2021-04-26T23:45:01 IST" finished-at="2021-04-26T23:45:16 IST">
    <groups>
    </groups>
    <test name="Surefire test" duration-ms="14974" started-at="2021-04-26T23:45:01 IST" finished-at="2021-04-26T23:45:16 IST">
      <class name="allTests.DemoTest">
        <test-method status="PASS" signature="setup()[pri:0, instance:allTests.DemoTest@7791a895]" name="setup" is-config="true" duration-ms="4416" started-at="2021-04-26T23:45:01 IST" finished-at="2021-04-26T23:45:05 IST">
          <reporter-output>
          </reporter-output>
        </test-method> <!-- setup -->
        <test-method status="PASS" signature="myTest(java.util.HashMap)[pri:0, instance:allTests.DemoTest@7791a895]" name="myTest" duration-ms="5629" started-at="2021-04-26T23:45:06 IST" data-provider="getData" finished-at="2021-04-26T23:45:11 IST">
          <params>
            <param index="0">
              <value>
                <![CDATA[{destination=HYD, destination2=DEL, origin=MAA}]]>
              </value>
            </param>
          </params>
          <reporter-output>
          </reporter-output>
        </test-method> <!-- myTest -->
        <test-method status="PASS" signature="myTest(java.util.HashMap)[pri:0, instance:allTests.DemoTest@7791a895]" name="myTest" duration-ms="3616" started-at="2021-04-26T23:45:11 IST" data-provider="getData" finished-at="2021-04-26T23:45:15 IST">
          <params>
            <param index="0">
              <value>
                <![CDATA[{destination=MAA, destination2=DEL, origin=HYD}]]>
              </value>
            </param>
          </params>
          <reporter-output>
          </reporter-output>
        </test-method> <!-- myTest -->
        <test-method status="PASS" signature="tearDown()[pri:0, instance:allTests.DemoTest@7791a895]" name="tearDown" is-config="true" duration-ms="878" started-at="2021-04-26T23:45:15 IST" finished-at="2021-04-26T23:45:16 IST">
          <reporter-output>
          </reporter-output>
        </test-method> <!-- tearDown -->
      </class> <!-- allTests.DemoTest -->
    </test> <!-- Surefire test -->
  </suite> <!-- Surefire suite -->
</testng-results>
