<?xml version="1.0" encoding="UTF-8"?>
<testng-results skipped="0" failed="0" total="1" passed="1">
  <reporter-output>
  </reporter-output>
  <suite name="Default suite" duration-ms="6822" started-at="2021-04-30T15:16:45Z" finished-at="2021-04-30T15:16:52Z">
    <groups>
    </groups>
    <test name="Default test" duration-ms="6822" started-at="2021-04-30T15:16:45Z" finished-at="2021-04-30T15:16:52Z">
      <class name="allTests.DemoTest">
        <test-method status="PASS" signature="setup()[pri:0, instance:allTests.DemoTest@43a25848]" name="setup" is-config="true" duration-ms="3632" started-at="2021-04-30T20:46:45Z" finished-at="2021-04-30T20:46:49Z">
          <reporter-output>
          </reporter-output>
        </test-method> <!-- setup -->
        <test-method status="PASS" signature="myTest()[pri:0, instance:allTests.DemoTest@43a25848]" name="myTest" duration-ms="2324" started-at="2021-04-30T20:46:49Z" finished-at="2021-04-30T20:46:51Z">
          <reporter-output>
          </reporter-output>
        </test-method> <!-- myTest -->
        <test-method status="PASS" signature="tearDown()[pri:0, instance:allTests.DemoTest@43a25848]" name="tearDown" is-config="true" duration-ms="849" started-at="2021-04-30T20:46:51Z" finished-at="2021-04-30T20:46:52Z">
          <reporter-output>
          </reporter-output>
        </test-method> <!-- tearDown -->
      </class> <!-- allTests.DemoTest -->
    </test> <!-- Default test -->
  </suite> <!-- Default suite -->
</testng-results>
