<?xml version="1.0" encoding="UTF-8"?>
<testng-results skipped="0" failed="0" total="2" passed="2">
  <reporter-output>
  </reporter-output>
  <suite name="Default suite" duration-ms="12624" started-at="2021-04-25T18:23:04Z" finished-at="2021-04-25T18:23:16Z">
    <groups>
    </groups>
    <test name="Default test" duration-ms="12624" started-at="2021-04-25T18:23:04Z" finished-at="2021-04-25T18:23:16Z">
      <class name="allTests.DemoTest">
        <test-method status="PASS" signature="setup()[pri:0, instance:allTests.DemoTest@3cb5cdba]" name="setup" is-config="true" duration-ms="3095" started-at="2021-04-25T23:53:04Z" finished-at="2021-04-25T23:53:07Z">
          <reporter-output>
          </reporter-output>
        </test-method> <!-- setup -->
        <test-method status="PASS" signature="myTest(java.util.HashMap)[pri:0, instance:allTests.DemoTest@3cb5cdba]" name="myTest" duration-ms="4788" started-at="2021-04-25T23:53:07Z" data-provider="getData" finished-at="2021-04-25T23:53:12Z">
          <params>
            <param index="0">
              <value>
                <![CDATA[{destination2=DEL, origin=MAA, destination=HYD}]]>
              </value>
            </param>
          </params>
          <reporter-output>
          </reporter-output>
        </test-method> <!-- myTest -->
        <test-method status="PASS" signature="myTest(java.util.HashMap)[pri:0, instance:allTests.DemoTest@3cb5cdba]" name="myTest" duration-ms="3509" started-at="2021-04-25T23:53:12Z" data-provider="getData" finished-at="2021-04-25T23:53:16Z">
          <params>
            <param index="0">
              <value>
                <![CDATA[{destination2=DEL, origin=HYD, destination=MAA}]]>
              </value>
            </param>
          </params>
          <reporter-output>
          </reporter-output>
        </test-method> <!-- myTest -->
        <test-method status="PASS" signature="tearDown()[pri:0, instance:allTests.DemoTest@3cb5cdba]" name="tearDown" is-config="true" duration-ms="796" started-at="2021-04-25T23:53:16Z" finished-at="2021-04-25T23:53:16Z">
          <reporter-output>
          </reporter-output>
        </test-method> <!-- tearDown -->
      </class> <!-- allTests.DemoTest -->
    </test> <!-- Default test -->
  </suite> <!-- Default suite -->
</testng-results>
